<?xml version="1.0" encoding="UTF-8"?>
<testsuite xmlns:xsi="http://www.w3.org/2001/XMLSchema-instance" xsi:noNamespaceSchemaLocation="https://maven.apache.org/surefire/maven-surefire-plugin/xsd/surefire-test-report.xsd" version="3.0.2" name="com.jphscdeveloper.cursospring.CursospringApplicationTests" time="3.108" tests="1" errors="0" skipped="0" failures="0">
  <properties>
[...]
</properties>
  <testcase name="contextLoads" classname="com.jphscdeveloper.cursospring.CursospringApplicationTests" time="0.384">
    <system-out><![CDATA[13:39:24.503 [main] INFO org.springframework.test.context.support.AnnotationConfigContextLoaderUtils -- Could not detect default configuration classes for test class [com.jphscdeveloper.cursospring.CursospringApplicationTests]: CursospringApplicationTests does not declare any static, non-private, non-final, nested classes annotated with @Configuration.
13:39:24.570 [main] INFO org.springframework.boot.test.context.SpringBootTestContextBootstrapper -- Found @SpringBootConfiguration com.jphscdeveloper.cursospring.CursospringApplication for test class com.jphscdeveloper.cursospring.CursospringApplicationTests

  .   ____          _            __ _ _
 /\\ / ___'_ __ _ _(_)_ __  __ _ \ \ \ \
( ( )\___ | '_ | '_| | '_ \/ _` | \ \ \ \
 \\/  ___)| |_)| | | | | || (_| |  ) ) ) )
  '  |____| .__|_| |_|_| |_\__, | / / / /
 =========|_|==============|___/=/_/_/_/

 :: Spring Boot ::                (v3.4.0)

2024-12-02T13:39:24.806-03:00  INFO 97459 --- [           main] c.j.c.CursospringApplicationTests        : Starting CursospringApplicationTests using Java 21.0.1 with PID 97459 (started by rafaelcosta in /Users/rafaelcosta/development/java/cursospring 2)
2024-12-02T13:39:24.807-03:00  INFO 97459 --- [           main] c.j.c.CursospringApplicationTests        : The following 1 profile is active: "test"
2024-12-02T13:39:25.175-03:00  INFO 97459 --- [           main] .s.d.r.c.RepositoryConfigurationDelegate : Bootstrapping Spring Data JPA repositories in DEFAULT mode.
2024-12-02T13:39:25.213-03:00  INFO 97459 --- [           main] .s.d.r.c.RepositoryConfigurationDelegate : Finished Spring Data repository scanning in 31 ms. Found 5 JPA repository interfaces.
2024-12-02T13:39:25.471-03:00  INFO 97459 --- [           main] o.hibernate.jpa.internal.util.LogHelper  : HHH000204: Processing PersistenceUnitInfo [name: default]
2024-12-02T13:39:25.508-03:00  INFO 97459 --- [           main] org.hibernate.Version                    : HHH000412: Hibernate ORM core version 6.6.2.Final
2024-12-02T13:39:25.528-03:00  INFO 97459 --- [           main] o.h.c.internal.RegionFactoryInitiator    : HHH000026: Second-level cache disabled
2024-12-02T13:39:25.710-03:00  INFO 97459 --- [           main] o.s.o.j.p.SpringPersistenceUnitInfo      : No LoadTimeWeaver setup: ignoring JPA class transformer
2024-12-02T13:39:25.731-03:00  INFO 97459 --- [           main] com.zaxxer.hikari.HikariDataSource       : HikariPool-1 - Starting...
2024-12-02T13:39:25.851-03:00  INFO 97459 --- [           main] com.zaxxer.hikari.pool.HikariPool        : HikariPool-1 - Added connection conn0: url=jdbc:h2:mem:testdb user=SA
2024-12-02T13:39:25.852-03:00  INFO 97459 --- [           main] com.zaxxer.hikari.HikariDataSource       : HikariPool-1 - Start completed.
2024-12-02T13:39:25.868-03:00  WARN 97459 --- [           main] org.hibernate.orm.deprecation            : HHH90000025: H2Dialect does not need to be specified explicitly using 'hibernate.dialect' (remove the property setting and it will be selected by default)
2024-12-02T13:39:25.880-03:00  INFO 97459 --- [           main] org.hibernate.orm.connections.pooling    : HHH10001005: Database info:
	Database JDBC URL [Connecting through datasource 'HikariDataSource (HikariPool-1)']
	Database driver: undefined/unknown
	Database version: 2.3.232
	Autocommit mode: undefined/unknown
	Isolation level: undefined/unknown
	Minimum pool size: undefined/unknown
	Maximum pool size: undefined/unknown
2024-12-02T13:39:26.482-03:00  INFO 97459 --- [           main] o.h.e.t.j.p.i.JtaPlatformInitiator       : HHH000489: No JTA platform available (set 'hibernate.transaction.jta.platform' to enable JTA platform integration)
Hibernate: 
    drop table if exists tb_category cascade 
Hibernate: 
    drop table if exists tb_order cascade 
Hibernate: 
    drop table if exists tb_order_item cascade 
Hibernate: 
    drop table if exists tb_payment cascade 
Hibernate: 
    drop table if exists tb_product cascade 
Hibernate: 
    drop table if exists tb_product_category cascade 
Hibernate: 
    drop table if exists tb_user cascade 
Hibernate: 
    create table tb_category (
        category_id integer generated by default as identity,
        category_name varchar(255),
        primary key (category_id)
    )
Hibernate: 
    create table tb_order (
        client_id integer,
        order_id integer generated by default as identity,
        order_status integer,
        order_moment timestamp(6) with time zone,
        primary key (order_id)
    )
Hibernate: 
    create table tb_order_item (
        order_id integer not null,
        price float(53),
        product_id integer not null,
        quantity integer,
        primary key (order_id, product_id)
    )
Hibernate: 
    create table tb_payment (
        pay_order_id integer not null,
        payment_moment timestamp(6) with time zone,
        primary key (pay_order_id)
    )
Hibernate: 
    create table tb_product (
        product_id integer generated by default as identity,
        product_price float(53),
        product_description varchar(50),
        product_name varchar(50),
        product_img_url varchar(255),
        primary key (product_id)
    )
Hibernate: 
    create table tb_product_category (
        ccategory_id integer not null,
        pproduct_id integer not null,
        primary key (ccategory_id, pproduct_id)
    )
Hibernate: 
    create table tb_user (
        user_id integer generated by default as identity,
        user_email varchar(255),
        user_name varchar(255),
        user_password varchar(255),
        user_phone varchar(255),
        primary key (user_id)
    )
Hibernate: 
    alter table if exists tb_order 
       add constraint fk_order_user_01 
       foreign key (client_id) 
       references tb_user
Hibernate: 
    alter table if exists tb_order_item 
       add constraint fk_orderitem_product_01 
       foreign key (product_id) 
       references tb_product
Hibernate: 
    alter table if exists tb_order_item 
       add constraint fk_orderitem_order_01 
       foreign key (order_id) 
       references tb_order
Hibernate: 
    alter table if exists tb_payment 
       add constraint fk_payment_order_01 
       foreign key (pay_order_id) 
       references tb_order
Hibernate: 
    alter table if exists tb_product_category 
       add constraint fk_productcategory_category_01 
       foreign key (ccategory_id) 
       references tb_category
Hibernate: 
    alter table if exists tb_product_category 
       add constraint fk_productcategory_product_01 
       foreign key (pproduct_id) 
       references tb_product
2024-12-02T13:39:26.520-03:00  INFO 97459 --- [           main] j.LocalContainerEntityManagerFactoryBean : Initialized JPA EntityManagerFactory for persistence unit 'default'
2024-12-02T13:39:26.962-03:00  INFO 97459 --- [           main] o.s.b.a.h2.H2ConsoleAutoConfiguration    : H2 console available at '/h2-console'. Database available at 'jdbc:h2:mem:testdb'
2024-12-02T13:39:27.002-03:00  INFO 97459 --- [           main] c.j.c.CursospringApplicationTests        : Started CursospringApplicationTests in 2.349 seconds (process running for 2.943)
Hibernate: 
    insert 
    into
        tb_user
        (user_email, user_name, user_password, user_phone, user_id) 
    values
        (?, ?, ?, ?, default)
Hibernate: 
    insert 
    into
        tb_user
        (user_email, user_name, user_password, user_phone, user_id) 
    values
        (?, ?, ?, ?, default)
Hibernate: 
    insert 
    into
        tb_order
        (client_id, order_moment, order_status, order_id) 
    values
        (?, ?, ?, default)
Hibernate: 
    insert 
    into
        tb_order
        (client_id, order_moment, order_status, order_id) 
    values
        (?, ?, ?, default)
Hibernate: 
    insert 
    into
        tb_order
        (client_id, order_moment, order_status, order_id) 
    values
        (?, ?, ?, default)
Hibernate: 
    insert 
    into
        tb_category
        (category_name, category_id) 
    values
        (?, default)
Hibernate: 
    insert 
    into
        tb_category
        (category_name, category_id) 
    values
        (?, default)
Hibernate: 
    insert 
    into
        tb_category
        (category_name, category_id) 
    values
        (?, default)
Hibernate: 
    insert 
    into
        tb_product
        (product_description, product_img_url, product_name, product_price, product_id) 
    values
        (?, ?, ?, ?, default)
Hibernate: 
    insert 
    into
        tb_product
        (product_description, product_img_url, product_name, product_price, product_id) 
    values
        (?, ?, ?, ?, default)
Hibernate: 
    insert 
    into
        tb_product
        (product_description, product_img_url, product_name, product_price, product_id) 
    values
        (?, ?, ?, ?, default)
Hibernate: 
    insert 
    into
        tb_product
        (product_description, product_img_url, product_name, product_price, product_id) 
    values
        (?, ?, ?, ?, default)
Hibernate: 
    insert 
    into
        tb_product
        (product_description, product_img_url, product_name, product_price, product_id) 
    values
        (?, ?, ?, ?, default)
Hibernate: 
    insert 
    into
        tb_product_category
        (pproduct_id, ccategory_id) 
    values
        (?, ?)
Hibernate: 
    insert 
    into
        tb_product_category
        (pproduct_id, ccategory_id) 
    values
        (?, ?)
Hibernate: 
    insert 
    into
        tb_product_category
        (pproduct_id, ccategory_id) 
    values
        (?, ?)
Hibernate: 
    insert 
    into
        tb_product_category
        (pproduct_id, ccategory_id) 
    values
        (?, ?)
Hibernate: 
    insert 
    into
        tb_product_category
        (pproduct_id, ccategory_id) 
    values
        (?, ?)
Hibernate: 
    select
        oi1_0.order_id,
        o1_0.order_id,
        c1_0.user_id,
        c1_0.user_email,
        c1_0.user_name,
        c1_0.user_password,
        c1_0.user_phone,
        o1_0.order_moment,
        o1_0.order_status,
        p1_0.pay_order_id,
        p1_0.payment_moment,
        oi1_0.product_id,
        p2_0.product_id,
        p2_0.product_description,
        p2_0.product_img_url,
        p2_0.product_name,
        p2_0.product_price,
        oi1_0.price,
        oi1_0.quantity 
    from
        tb_order_item oi1_0 
    left join
        tb_order o1_0 
            on o1_0.order_id=oi1_0.order_id 
    left join
        tb_user c1_0 
            on c1_0.user_id=o1_0.client_id 
    left join
        tb_payment p1_0 
            on o1_0.order_id=p1_0.pay_order_id 
    left join
        tb_product p2_0 
            on p2_0.product_id=oi1_0.product_id 
    where
        (
            oi1_0.order_id, oi1_0.product_id
        ) in ((?, ?))
Hibernate: 
    select
        oi1_0.order_id,
        o1_0.order_id,
        c1_0.user_id,
        c1_0.user_email,
        c1_0.user_name,
        c1_0.user_password,
        c1_0.user_phone,
        o1_0.order_moment,
        o1_0.order_status,
        p1_0.pay_order_id,
        p1_0.payment_moment,
        oi1_0.product_id,
        p2_0.product_id,
        p2_0.product_description,
        p2_0.product_img_url,
        p2_0.product_name,
        p2_0.product_price,
        oi1_0.price,
        oi1_0.quantity 
    from
        tb_order_item oi1_0 
    left join
        tb_order o1_0 
            on o1_0.order_id=oi1_0.order_id 
    left join
        tb_user c1_0 
            on c1_0.user_id=o1_0.client_id 
    left join
        tb_payment p1_0 
            on o1_0.order_id=p1_0.pay_order_id 
    left join
        tb_product p2_0 
            on p2_0.product_id=oi1_0.product_id 
    where
        (
            oi1_0.order_id, oi1_0.product_id
        ) in ((?, ?))
Hibernate: 
    select
        oi1_0.order_id,
        o1_0.order_id,
        c1_0.user_id,
        c1_0.user_email,
        c1_0.user_name,
        c1_0.user_password,
        c1_0.user_phone,
        o1_0.order_moment,
        o1_0.order_status,
        p1_0.pay_order_id,
        p1_0.payment_moment,
        oi1_0.product_id,
        p2_0.product_id,
        p2_0.product_description,
        p2_0.product_img_url,
        p2_0.product_name,
        p2_0.product_price,
        oi1_0.price,
        oi1_0.quantity 
    from
        tb_order_item oi1_0 
    left join
        tb_order o1_0 
            on o1_0.order_id=oi1_0.order_id 
    left join
        tb_user c1_0 
            on c1_0.user_id=o1_0.client_id 
    left join
        tb_payment p1_0 
            on o1_0.order_id=p1_0.pay_order_id 
    left join
        tb_product p2_0 
            on p2_0.product_id=oi1_0.product_id 
    where
        (
            oi1_0.order_id, oi1_0.product_id
        ) in ((?, ?))
Hibernate: 
    select
        oi1_0.order_id,
        o1_0.order_id,
        c1_0.user_id,
        c1_0.user_email,
        c1_0.user_name,
        c1_0.user_password,
        c1_0.user_phone,
        o1_0.order_moment,
        o1_0.order_status,
        p1_0.pay_order_id,
        p1_0.payment_moment,
        oi1_0.product_id,
        p2_0.product_id,
        p2_0.product_description,
        p2_0.product_img_url,
        p2_0.product_name,
        p2_0.product_price,
        oi1_0.price,
        oi1_0.quantity 
    from
        tb_order_item oi1_0 
    left join
        tb_order o1_0 
            on o1_0.order_id=oi1_0.order_id 
    left join
        tb_user c1_0 
            on c1_0.user_id=o1_0.client_id 
    left join
        tb_payment p1_0 
            on o1_0.order_id=p1_0.pay_order_id 
    left join
        tb_product p2_0 
            on p2_0.product_id=oi1_0.product_id 
    where
        (
            oi1_0.order_id, oi1_0.product_id
        ) in ((?, ?))
Hibernate: 
    insert 
    into
        tb_order_item
        (price, quantity, order_id, product_id) 
    values
        (?, ?, ?, ?)
Hibernate: 
    insert 
    into
        tb_order_item
        (price, quantity, order_id, product_id) 
    values
        (?, ?, ?, ?)
Hibernate: 
    insert 
    into
        tb_order_item
        (price, quantity, order_id, product_id) 
    values
        (?, ?, ?, ?)
Hibernate: 
    insert 
    into
        tb_order_item
        (price, quantity, order_id, product_id) 
    values
        (?, ?, ?, ?)
Hibernate: 
    select
        o1_0.order_id,
        c1_0.user_id,
        c1_0.user_email,
        c1_0.user_name,
        c1_0.user_password,
        c1_0.user_phone,
        o1_0.order_moment,
        o1_0.order_status,
        p1_0.pay_order_id,
        p1_0.payment_moment 
    from
        tb_order o1_0 
    left join
        tb_user c1_0 
            on c1_0.user_id=o1_0.client_id 
    left join
        tb_payment p1_0 
            on o1_0.order_id=p1_0.pay_order_id 
    where
        o1_0.order_id=?
Hibernate: 
    insert 
    into
        tb_payment
        (payment_moment, pay_order_id) 
    values
        (?, ?)
]]></system-out>
    <system-err><![CDATA[Mockito is currently self-attaching to enable the inline-mock-maker. This will no longer work in future releases of the JDK. Please add Mockito as an agent to your build what is described in Mockito's documentation: https://javadoc.io/doc/org.mockito/mockito-core/latest/org/mockito/Mockito.html#0.3
WARNING: A Java agent has been loaded dynamically (/Users/rafaelcosta/.m2/repository/net/bytebuddy/byte-buddy-agent/1.15.10/byte-buddy-agent-1.15.10.jar)
WARNING: If a serviceability tool is in use, please run with -XX:+EnableDynamicAgentLoading to hide this warning
WARNING: If a serviceability tool is not in use, please run with -Djdk.instrument.traceUsage for more information
WARNING: Dynamic loading of agents will be disallowed by default in a future release
]]></system-err>
  </testcase>
</testsuite>